<?xml version="1.0" encoding="UTF-8"?>
<testng-results ignored="0" total="2" passed="2" failed="0" skipped="0">
  <reporter-output>
  </reporter-output>
  <suite started-at="2022-01-30T23:13:19 IST" name="Be.Cognizant Test" finished-at="2022-01-30T23:14:17 IST" duration-ms="58142">
    <groups>
    </groups>
    <test started-at="2022-01-30T23:13:19 IST" name="Be.Cognizant.GSD" finished-at="2022-01-30T23:14:17 IST" duration-ms="58142">
      <class name="com.GSD.mainTest.MainGSDTest">
        <test-method signature="HomePage()[pri:1, instance:com.GSD.mainTest.MainGSDTest@16610890]" started-at="2022-01-30T23:13:19 IST" name="HomePage" finished-at="2022-01-30T23:14:05 IST" duration-ms="45664" status="PASS">
          <reporter-output>
          </reporter-output>
        </test-method> <!-- HomePage -->
        <test-method signature="GSDPage()[pri:2, instance:com.GSD.mainTest.MainGSDTest@16610890]" started-at="2022-01-30T23:14:05 IST" name="GSDPage" finished-at="2022-01-30T23:14:17 IST" duration-ms="12404" status="PASS">
          <reporter-output>
          </reporter-output>
        </test-method> <!-- GSDPage -->
      </class> <!-- com.GSD.mainTest.MainGSDTest -->
    </test> <!-- Be.Cognizant.GSD -->
  </suite> <!-- Be.Cognizant Test -->
</testng-results>
